<?xml version="1.0" encoding="UTF-8"?>
<testng-results ignored="0" total="1" passed="1" failed="0" skipped="0">
  <reporter-output>
  </reporter-output>
  <suite started-at="2021-03-12T21:08:29 IST" name="Default suite" finished-at="2021-03-12T21:09:09 IST" duration-ms="39677">
    <groups>
    </groups>
    <test started-at="2021-03-12T21:08:29 IST" name="Default test" finished-at="2021-03-12T21:09:09 IST" duration-ms="39677">
      <class name="mail">
        <test-method is-config="true" signature="test()[pri:0, instance:mail@2b6faea6]" started-at="2021-03-12T21:08:29 IST" name="test" finished-at="2021-03-12T21:09:05 IST" duration-ms="36191" status="PASS">
          <reporter-output>
          </reporter-output>
        </test-method> <!-- test -->
        <test-method signature="login()[pri:0, instance:mail@2b6faea6]" started-at="2021-03-12T21:09:05 IST" name="login" finished-at="2021-03-12T21:09:08 IST" duration-ms="2812" status="PASS">
          <reporter-output>
          </reporter-output>
        </test-method> <!-- login -->
        <test-method is-config="true" signature="teardown()[pri:0, instance:mail@2b6faea6]" started-at="2021-03-12T21:09:08 IST" name="teardown" finished-at="2021-03-12T21:09:09 IST" duration-ms="405" status="PASS">
          <reporter-output>
          </reporter-output>
        </test-method> <!-- teardown -->
      </class> <!-- mail -->
    </test> <!-- Default test -->
  </suite> <!-- Default suite -->
</testng-results>
